\BOOKMARK [0][-]{chapter.1}{Introduction}{}% 1
\BOOKMARK [0][-]{chapter.2}{Definitions}{}% 2
\BOOKMARK [0][-]{chapter.3}{Theory}{}% 3
\BOOKMARK [1][-]{section.3.1}{Previous Research}{chapter.3}% 4
\BOOKMARK [1][-]{section.3.2}{Theoretical Approach}{chapter.3}% 5
\BOOKMARK [0][-]{chapter.4}{Data}{}% 6
\BOOKMARK [1][-]{section.4.1}{Source Material}{chapter.4}% 7
\BOOKMARK [0][-]{chapter.5}{Methods}{}% 8
\BOOKMARK [1][-]{section.5.1}{The Approach [or Model]}{chapter.5}% 9
\BOOKMARK [0][-]{chapter.6}{Empirical Analysis}{}% 10
\BOOKMARK [1][-]{section.6.1}{Results}{chapter.6}% 11
\BOOKMARK [1][-]{section.6.2}{Discussion}{chapter.6}% 12
\BOOKMARK [0][-]{chapter.7}{Conclusion}{}% 13
\BOOKMARK [1][-]{section.7.1}{Research Aims}{chapter.7}% 14
\BOOKMARK [1][-]{section.7.2}{Research Objectives}{chapter.7}% 15
\BOOKMARK [1][-]{section.7.3}{Practical Implications}{chapter.7}% 16
\BOOKMARK [1][-]{section.7.4}{Future Research}{chapter.7}% 17
\BOOKMARK [1][-]{section.7.5}{Chapter Summary}{chapter.7}% 18
\BOOKMARK [0][-]{section*.8}{References}{}% 19
\BOOKMARK [0][-]{appendix.A}{\(Appendix A title\)}{}% 20
\BOOKMARK [0][-]{appendix.B}{\(Appendix B title\)}{}% 21
